<?xml version="1.0" encoding="UTF-8"?>
<!-- Generated by org.testng.reporters.JUnitReportReporter -->
<testsuite skipped="0" hostname="MacBook-Pro.local" name="tests.registerAccount.TC02_RegisterWithExistEmailTest" tests="1" failures="0" timestamp="2021-05-22T23:46:25 AST" time="4.183" errors="0">
  <testcase name="RegisterWithExistEmail" time="4.183" classname="tests.registerAccount.TC02_RegisterWithExistEmailTest"/>
  <system-out/>
</testsuite> <!-- tests.registerAccount.TC02_RegisterWithExistEmailTest -->
