<?xml version="1.0" encoding="UTF-8"?>
<!-- Generated by org.testng.reporters.JUnitReportReporter -->
<testsuite skipped="0" hostname="MacBook-Pro.local" name="tests.registerAccount.TC06_VerifyThatPasswordAndConfirmPasswordMustMatchTest" tests="1" failures="0" timestamp="2021-05-19T02:01:58 AST" time="1.424" errors="0">
  <testcase name="VerifyThatPasswordAndConfirmPasswordMustMatch" time="1.424" classname="tests.registerAccount.TC06_VerifyThatPasswordAndConfirmPasswordMustMatchTest"/>
  <system-out/>
</testsuite> <!-- tests.registerAccount.TC06_VerifyThatPasswordAndConfirmPasswordMustMatchTest -->
