<?xml version="1.0" encoding="UTF-8"?>
<!-- Generated by org.testng.reporters.JUnitReportReporter -->
<testsuite skipped="0" hostname="MacBook-Pro.local" name="tests.registerAccount.TC01_RegisterNewUserTest" tests="1" failures="0" timestamp="2021-05-22T23:46:25 AST" time="9.133" errors="0">
  <testcase name="RegisterNewUser" time="9.133" classname="tests.registerAccount.TC01_RegisterNewUserTest"/>
  <system-out/>
</testsuite> <!-- tests.registerAccount.TC01_RegisterNewUserTest -->
