<?xml version="1.0" encoding="UTF-8"?>
<!-- Generated by org.testng.reporters.JUnitReportReporter -->
<testsuite skipped="0" hostname="MacBook-Pro.local" name="tests.registerAccount.TC05_PasswordFormatValidationTest" tests="1" failures="0" timestamp="2021-05-19T02:01:58 AST" time="1.330" errors="0">
  <testcase name="PasswordFormatValidation" time="1.330" classname="tests.registerAccount.TC05_PasswordFormatValidationTest"/>
  <system-out/>
</testsuite> <!-- tests.registerAccount.TC05_PasswordFormatValidationTest -->
